[2024-03-16 22:17:34] mysqli_sql_exception: You have an error in your SQL syntax; check the manual that corresponds to your MySQL server version for the right syntax to use near ')' at line 1 in /var/www/html/projects/html/event-MAR16/models.php:69
Stack trace:
#0 /var/www/html/projects/html/event-MAR16/models.php(69): mysqli->query()
#1 /var/www/html/projects/html/event-MAR16/controller.php(168): insertRotariansDetails()
#2 /var/www/html/projects/html/event-MAR16/ajax.php(75): formatAndInsertData()
#3 /var/www/html/projects/html/event-MAR16/ajax.php(15): saveFormData()
#4 {main}
[2024-03-16 22:18:30] mysqli_sql_exception: You have an error in your SQL syntax; check the manual that corresponds to your MySQL server version for the right syntax to use near ')' at line 1 in /var/www/html/projects/html/event-MAR16/models.php:69
Stack trace:
#0 /var/www/html/projects/html/event-MAR16/models.php(69): mysqli->query()
#1 /var/www/html/projects/html/event-MAR16/controller.php(169): insertRotariansDetails()
#2 /var/www/html/projects/html/event-MAR16/ajax.php(75): formatAndInsertData()
#3 /var/www/html/projects/html/event-MAR16/ajax.php(15): saveFormData()
#4 {main}
[2024-03-16 22:25:08] 
[2024-03-16 22:29:13] 2
[2024-03-23 08:43:40] mysqli_sql_exception: You have an error in your SQL syntax; check the manual that corresponds to your MariaDB server version for the right syntax to use near '' at line 1 in /home/u219718432/domains/rotary3234.org/public_html/event/models.php:50
Stack trace:
#0 /home/u219718432/domains/rotary3234.org/public_html/event/models.php(50): mysqli->query()
#1 /home/u219718432/domains/rotary3234.org/public_html/event/controller.php(66): fetchRotariansDetails()
#2 /home/u219718432/domains/rotary3234.org/public_html/event/ajax.php(33): getRotarianDetailsByID()
#3 /home/u219718432/domains/rotary3234.org/public_html/event/ajax.php(12): getRotariansDetails()
#4 {main}
[2024-03-23 08:45:35] mysqli_sql_exception: You have an error in your SQL syntax; check the manual that corresponds to your MariaDB server version for the right syntax to use near '' at line 1 in /home/u219718432/domains/rotary3234.org/public_html/event/models.php:50
Stack trace:
#0 /home/u219718432/domains/rotary3234.org/public_html/event/models.php(50): mysqli->query()
#1 /home/u219718432/domains/rotary3234.org/public_html/event/controller.php(66): fetchRotariansDetails()
#2 /home/u219718432/domains/rotary3234.org/public_html/event/ajax.php(33): getRotarianDetailsByID()
#3 /home/u219718432/domains/rotary3234.org/public_html/event/ajax.php(12): getRotariansDetails()
#4 {main}
[2024-03-30 12:05:11] mysqli_sql_exception: You have an error in your SQL syntax; check the manual that corresponds to your MariaDB server version for the right syntax to use near '' at line 1 in /home/u219718432/domains/rotary3234.org/public_html/event/models.php:50
Stack trace:
#0 /home/u219718432/domains/rotary3234.org/public_html/event/models.php(50): mysqli->query()
#1 /home/u219718432/domains/rotary3234.org/public_html/event/controller.php(66): fetchRotariansDetails()
#2 /home/u219718432/domains/rotary3234.org/public_html/event/ajax.php(33): getRotarianDetailsByID()
#3 /home/u219718432/domains/rotary3234.org/public_html/event/ajax.php(12): getRotariansDetails()
#4 {main}
[2024-04-02 16:35:51] mysqli_sql_exception: You have an error in your SQL syntax; check the manual that corresponds to your MariaDB server version for the right syntax to use near '' at line 1 in /home/u219718432/domains/rotary3234.org/public_html/event/models.php:50
Stack trace:
#0 /home/u219718432/domains/rotary3234.org/public_html/event/models.php(50): mysqli->query()
#1 /home/u219718432/domains/rotary3234.org/public_html/event/controller.php(66): fetchRotariansDetails()
#2 /home/u219718432/domains/rotary3234.org/public_html/event/ajax.php(33): getRotarianDetailsByID()
#3 /home/u219718432/domains/rotary3234.org/public_html/event/ajax.php(12): getRotariansDetails()
#4 {main}
[2024-04-03 10:35:44] mysqli_sql_exception: You have an error in your SQL syntax; check the manual that corresponds to your MariaDB server version for the right syntax to use near '' at line 1 in /home/u219718432/domains/rotary3234.org/public_html/event/models.php:50
Stack trace:
#0 /home/u219718432/domains/rotary3234.org/public_html/event/models.php(50): mysqli->query()
#1 /home/u219718432/domains/rotary3234.org/public_html/event/controller.php(66): fetchRotariansDetails()
#2 /home/u219718432/domains/rotary3234.org/public_html/event/ajax.php(33): getRotarianDetailsByID()
#3 /home/u219718432/domains/rotary3234.org/public_html/event/ajax.php(12): getRotariansDetails()
#4 {main}
[2024-04-05 08:30:08] mysqli_sql_exception: You have an error in your SQL syntax; check the manual that corresponds to your MariaDB server version for the right syntax to use near '' at line 1 in /home/u219718432/domains/rotary3234.org/public_html/event/models.php:50
Stack trace:
#0 /home/u219718432/domains/rotary3234.org/public_html/event/models.php(50): mysqli->query()
#1 /home/u219718432/domains/rotary3234.org/public_html/event/controller.php(66): fetchRotariansDetails()
#2 /home/u219718432/domains/rotary3234.org/public_html/event/ajax.php(33): getRotarianDetailsByID()
#3 /home/u219718432/domains/rotary3234.org/public_html/event/ajax.php(12): getRotariansDetails()
#4 {main}
[2024-04-08 10:26:26] mysqli_sql_exception: You have an error in your SQL syntax; check the manual that corresponds to your MariaDB server version for the right syntax to use near '' at line 1 in /home/u219718432/domains/rotary3234.org/public_html/event/models.php:50
Stack trace:
#0 /home/u219718432/domains/rotary3234.org/public_html/event/models.php(50): mysqli->query()
#1 /home/u219718432/domains/rotary3234.org/public_html/event/controller.php(66): fetchRotariansDetails()
#2 /home/u219718432/domains/rotary3234.org/public_html/event/ajax.php(33): getRotarianDetailsByID()
#3 /home/u219718432/domains/rotary3234.org/public_html/event/ajax.php(12): getRotariansDetails()
#4 {main}
[2024-04-11 23:37:29] mysqli_sql_exception: You have an error in your SQL syntax; check the manual that corresponds to your MariaDB server version for the right syntax to use near '' at line 1 in /home/u219718432/domains/rotary3234.org/public_html/event/models.php:50
Stack trace:
#0 /home/u219718432/domains/rotary3234.org/public_html/event/models.php(50): mysqli->query()
#1 /home/u219718432/domains/rotary3234.org/public_html/event/controller.php(66): fetchRotariansDetails()
#2 /home/u219718432/domains/rotary3234.org/public_html/event/ajax.php(33): getRotarianDetailsByID()
#3 /home/u219718432/domains/rotary3234.org/public_html/event/ajax.php(12): getRotariansDetails()
#4 {main}
[2024-04-11 23:43:24] mysqli_sql_exception: You have an error in your SQL syntax; check the manual that corresponds to your MariaDB server version for the right syntax to use near '' at line 1 in /home/u219718432/domains/rotary3234.org/public_html/event/models.php:50
Stack trace:
#0 /home/u219718432/domains/rotary3234.org/public_html/event/models.php(50): mysqli->query()
#1 /home/u219718432/domains/rotary3234.org/public_html/event/controller.php(66): fetchRotariansDetails()
#2 /home/u219718432/domains/rotary3234.org/public_html/event/ajax.php(33): getRotarianDetailsByID()
#3 /home/u219718432/domains/rotary3234.org/public_html/event/ajax.php(12): getRotariansDetails()
#4 {main}
[2024-04-12 11:46:41] mysqli_sql_exception: You have an error in your SQL syntax; check the manual that corresponds to your MariaDB server version for the right syntax to use near '' at line 1 in /home/u219718432/domains/rotary3234.org/public_html/event/models.php:50
Stack trace:
#0 /home/u219718432/domains/rotary3234.org/public_html/event/models.php(50): mysqli->query()
#1 /home/u219718432/domains/rotary3234.org/public_html/event/controller.php(66): fetchRotariansDetails()
#2 /home/u219718432/domains/rotary3234.org/public_html/event/ajax.php(33): getRotarianDetailsByID()
#3 /home/u219718432/domains/rotary3234.org/public_html/event/ajax.php(12): getRotariansDetails()
#4 {main}
[2024-04-16 13:09:49] mysqli_sql_exception: You have an error in your SQL syntax; check the manual that corresponds to your MariaDB server version for the right syntax to use near '' at line 1 in /home/u219718432/domains/rotary3234.org/public_html/event/models.php:50
Stack trace:
#0 /home/u219718432/domains/rotary3234.org/public_html/event/models.php(50): mysqli->query()
#1 /home/u219718432/domains/rotary3234.org/public_html/event/controller.php(66): fetchRotariansDetails()
#2 /home/u219718432/domains/rotary3234.org/public_html/event/ajax.php(33): getRotarianDetailsByID()
#3 /home/u219718432/domains/rotary3234.org/public_html/event/ajax.php(12): getRotariansDetails()
#4 {main}
[2024-04-17 06:19:41] mysqli_sql_exception: You have an error in your SQL syntax; check the manual that corresponds to your MariaDB server version for the right syntax to use near '' at line 1 in /home/u219718432/domains/rotary3234.org/public_html/event/models.php:50
Stack trace:
#0 /home/u219718432/domains/rotary3234.org/public_html/event/models.php(50): mysqli->query()
#1 /home/u219718432/domains/rotary3234.org/public_html/event/controller.php(66): fetchRotariansDetails()
#2 /home/u219718432/domains/rotary3234.org/public_html/event/ajax.php(33): getRotarianDetailsByID()
#3 /home/u219718432/domains/rotary3234.org/public_html/event/ajax.php(12): getRotariansDetails()
#4 {main}
[2024-04-20 06:23:48] mysqli_sql_exception: You have an error in your SQL syntax; check the manual that corresponds to your MariaDB server version for the right syntax to use near '' at line 1 in /home/u219718432/domains/rotary3234.org/public_html/event/models.php:50
Stack trace:
#0 /home/u219718432/domains/rotary3234.org/public_html/event/models.php(50): mysqli->query()
#1 /home/u219718432/domains/rotary3234.org/public_html/event/controller.php(66): fetchRotariansDetails()
#2 /home/u219718432/domains/rotary3234.org/public_html/event/ajax.php(33): getRotarianDetailsByID()
#3 /home/u219718432/domains/rotary3234.org/public_html/event/ajax.php(12): getRotariansDetails()
#4 {main}
[2024-04-20 14:35:31] mysqli_sql_exception: You have an error in your SQL syntax; check the manual that corresponds to your MariaDB server version for the right syntax to use near '' at line 1 in /home/u219718432/domains/rotary3234.org/public_html/event/models.php:50
Stack trace:
#0 /home/u219718432/domains/rotary3234.org/public_html/event/models.php(50): mysqli->query()
#1 /home/u219718432/domains/rotary3234.org/public_html/event/controller.php(66): fetchRotariansDetails()
#2 /home/u219718432/domains/rotary3234.org/public_html/event/ajax.php(33): getRotarianDetailsByID()
#3 /home/u219718432/domains/rotary3234.org/public_html/event/ajax.php(12): getRotariansDetails()
#4 {main}
[2024-04-20 14:35:37] mysqli_sql_exception: You have an error in your SQL syntax; check the manual that corresponds to your MariaDB server version for the right syntax to use near '' at line 1 in /home/u219718432/domains/rotary3234.org/public_html/event/models.php:50
Stack trace:
#0 /home/u219718432/domains/rotary3234.org/public_html/event/models.php(50): mysqli->query()
#1 /home/u219718432/domains/rotary3234.org/public_html/event/controller.php(66): fetchRotariansDetails()
#2 /home/u219718432/domains/rotary3234.org/public_html/event/ajax.php(33): getRotarianDetailsByID()
#3 /home/u219718432/domains/rotary3234.org/public_html/event/ajax.php(12): getRotariansDetails()
#4 {main}
[2024-04-22 07:14:34] mysqli_sql_exception: You have an error in your SQL syntax; check the manual that corresponds to your MariaDB server version for the right syntax to use near '' at line 1 in /home/u219718432/domains/rotary3234.org/public_html/event/models.php:50
Stack trace:
#0 /home/u219718432/domains/rotary3234.org/public_html/event/models.php(50): mysqli->query()
#1 /home/u219718432/domains/rotary3234.org/public_html/event/controller.php(66): fetchRotariansDetails()
#2 /home/u219718432/domains/rotary3234.org/public_html/event/ajax.php(33): getRotarianDetailsByID()
#3 /home/u219718432/domains/rotary3234.org/public_html/event/ajax.php(12): getRotariansDetails()
#4 {main}
[2024-04-22 15:30:47] mysqli_sql_exception: You have an error in your SQL syntax; check the manual that corresponds to your MariaDB server version for the right syntax to use near '' at line 1 in /home/u219718432/domains/rotary3234.org/public_html/event/models.php:50
Stack trace:
#0 /home/u219718432/domains/rotary3234.org/public_html/event/models.php(50): mysqli->query()
#1 /home/u219718432/domains/rotary3234.org/public_html/event/controller.php(66): fetchRotariansDetails()
#2 /home/u219718432/domains/rotary3234.org/public_html/event/ajax.php(33): getRotarianDetailsByID()
#3 /home/u219718432/domains/rotary3234.org/public_html/event/ajax.php(12): getRotariansDetails()
#4 {main}
[2024-04-22 15:30:47] mysqli_sql_exception: You have an error in your SQL syntax; check the manual that corresponds to your MariaDB server version for the right syntax to use near '' at line 1 in /home/u219718432/domains/rotary3234.org/public_html/event/models.php:50
Stack trace:
#0 /home/u219718432/domains/rotary3234.org/public_html/event/models.php(50): mysqli->query()
#1 /home/u219718432/domains/rotary3234.org/public_html/event/controller.php(66): fetchRotariansDetails()
#2 /home/u219718432/domains/rotary3234.org/public_html/event/ajax.php(33): getRotarianDetailsByID()
#3 /home/u219718432/domains/rotary3234.org/public_html/event/ajax.php(12): getRotariansDetails()
#4 {main}
[2024-04-24 10:58:37] mysqli_sql_exception: You have an error in your SQL syntax; check the manual that corresponds to your MariaDB server version for the right syntax to use near '' at line 1 in /home/u219718432/domains/rotary3234.org/public_html/event/models.php:50
Stack trace:
#0 /home/u219718432/domains/rotary3234.org/public_html/event/models.php(50): mysqli->query()
#1 /home/u219718432/domains/rotary3234.org/public_html/event/controller.php(66): fetchRotariansDetails()
#2 /home/u219718432/domains/rotary3234.org/public_html/event/ajax.php(33): getRotarianDetailsByID()
#3 /home/u219718432/domains/rotary3234.org/public_html/event/ajax.php(12): getRotariansDetails()
#4 {main}
[2024-04-24 11:01:34] mysqli_sql_exception: You have an error in your SQL syntax; check the manual that corresponds to your MariaDB server version for the right syntax to use near '' at line 1 in /home/u219718432/domains/rotary3234.org/public_html/event/models.php:50
Stack trace:
#0 /home/u219718432/domains/rotary3234.org/public_html/event/models.php(50): mysqli->query()
#1 /home/u219718432/domains/rotary3234.org/public_html/event/controller.php(66): fetchRotariansDetails()
#2 /home/u219718432/domains/rotary3234.org/public_html/event/ajax.php(33): getRotarianDetailsByID()
#3 /home/u219718432/domains/rotary3234.org/public_html/event/ajax.php(12): getRotariansDetails()
#4 {main}
[2024-04-25 02:34:06] mysqli_sql_exception: You have an error in your SQL syntax; check the manual that corresponds to your MariaDB server version for the right syntax to use near '' at line 1 in /home/u219718432/domains/rotary3234.org/public_html/event/models.php:50
Stack trace:
#0 /home/u219718432/domains/rotary3234.org/public_html/event/models.php(50): mysqli->query()
#1 /home/u219718432/domains/rotary3234.org/public_html/event/controller.php(66): fetchRotariansDetails()
#2 /home/u219718432/domains/rotary3234.org/public_html/event/ajax.php(33): getRotarianDetailsByID()
#3 /home/u219718432/domains/rotary3234.org/public_html/event/ajax.php(12): getRotariansDetails()
#4 {main}
[2024-04-26 05:59:13] mysqli_sql_exception: You have an error in your SQL syntax; check the manual that corresponds to your MariaDB server version for the right syntax to use near '' at line 1 in /home/u219718432/domains/rotary3234.org/public_html/event/models.php:50
Stack trace:
#0 /home/u219718432/domains/rotary3234.org/public_html/event/models.php(50): mysqli->query()
#1 /home/u219718432/domains/rotary3234.org/public_html/event/controller.php(66): fetchRotariansDetails()
#2 /home/u219718432/domains/rotary3234.org/public_html/event/ajax.php(33): getRotarianDetailsByID()
#3 /home/u219718432/domains/rotary3234.org/public_html/event/ajax.php(12): getRotariansDetails()
#4 {main}
[2024-04-26 11:23:16] mysqli_sql_exception: You have an error in your SQL syntax; check the manual that corresponds to your MariaDB server version for the right syntax to use near '' at line 1 in /home/u219718432/domains/rotary3234.org/public_html/event/models.php:50
Stack trace:
#0 /home/u219718432/domains/rotary3234.org/public_html/event/models.php(50): mysqli->query()
#1 /home/u219718432/domains/rotary3234.org/public_html/event/controller.php(66): fetchRotariansDetails()
#2 /home/u219718432/domains/rotary3234.org/public_html/event/ajax.php(33): getRotarianDetailsByID()
#3 /home/u219718432/domains/rotary3234.org/public_html/event/ajax.php(12): getRotariansDetails()
#4 {main}
[2024-04-26 11:32:29] mysqli_sql_exception: You have an error in your SQL syntax; check the manual that corresponds to your MariaDB server version for the right syntax to use near '' at line 1 in /home/u219718432/domains/rotary3234.org/public_html/event/models.php:50
Stack trace:
#0 /home/u219718432/domains/rotary3234.org/public_html/event/models.php(50): mysqli->query()
#1 /home/u219718432/domains/rotary3234.org/public_html/event/controller.php(66): fetchRotariansDetails()
#2 /home/u219718432/domains/rotary3234.org/public_html/event/ajax.php(33): getRotarianDetailsByID()
#3 /home/u219718432/domains/rotary3234.org/public_html/event/ajax.php(12): getRotariansDetails()
#4 {main}
[2024-04-26 11:40:21] mysqli_sql_exception: You have an error in your SQL syntax; check the manual that corresponds to your MariaDB server version for the right syntax to use near '' at line 1 in /home/u219718432/domains/rotary3234.org/public_html/event/models.php:50
Stack trace:
#0 /home/u219718432/domains/rotary3234.org/public_html/event/models.php(50): mysqli->query()
#1 /home/u219718432/domains/rotary3234.org/public_html/event/controller.php(66): fetchRotariansDetails()
#2 /home/u219718432/domains/rotary3234.org/public_html/event/ajax.php(33): getRotarianDetailsByID()
#3 /home/u219718432/domains/rotary3234.org/public_html/event/ajax.php(12): getRotariansDetails()
#4 {main}
